<?xml version="1.0" encoding="UTF-8"?>
<!-- Generated by org.testng.reporters.JUnitXMLReporter -->
<testsuite hostname="DESKTOP-ICSBMB7" ignored="0" name="Test" tests="2" failures="0" timestamp="2021-01-26T20:20:41 IST" time="87.376" errors="0">
  <testcase name="TC_ApiDemos_PreferenceValidation" time="30.688" classname="com.learning.AppiumFramework.testcases.API_Demos.TC_Preference"/>
  <testcase name="TC_AmountValidation" time="45.896" classname="com.learning.AppiumFramework.testcases.GenApp.TC_MobGestures"/>
</testsuite> <!-- Test -->
