<?xml version="1.0" encoding="UTF-8"?>
<!-- Generated by org.testng.reporters.JUnitXMLReporter -->
<testsuite hostname="DESKTOP-ICSBMB7" ignored="0" name="Test" tests="1" failures="1" timestamp="2021-01-27T01:37:39 IST" time="42.544" errors="0">
  <testcase name="Sprint_ApiDemos_PreferenceValidation" time="32.714" classname="com.learning.testcases.API_Demos.TC_Preference">
    <failure type="java.lang.AssertionError" message="null">
      <![CDATA[java.lang.AssertionError: null
at com.learning.testcases.API_Demos.TC_Preference.Sprint_ApiDemos_PreferenceValidation(TC_Preference.java:53)
at java.util.ArrayList.forEach(ArrayList.java:1259)
... Removed 33 stack frames]]>
    </failure>
  </testcase> <!-- Sprint_ApiDemos_PreferenceValidation -->
</testsuite> <!-- Test -->
