-------------------------------------------------------------------------------
Test set: TestSuite
-------------------------------------------------------------------------------
Tests run: 1, Failures: 1, Errors: 0, Skipped: 0, Time elapsed: 45.501 s <<< FAILURE! - in TestSuite
com.learning.testcases.API_Demos.TC_Preference.Sprint_ApiDemos_PreferenceValidation  Time elapsed: 34.186 s  <<< FAILURE!
java.lang.AssertionError: null
	at com.learning.testcases.API_Demos.TC_Preference.Sprint_ApiDemos_PreferenceValidation(TC_Preference.java:53)

