<?xml version="1.0" encoding="UTF-8"?>
<testsuite xmlns:xsi="http://www.w3.org/2001/XMLSchema-instance" xsi:noNamespaceSchemaLocation="https://maven.apache.org/surefire/maven-surefire-plugin/xsd/surefire-test-report-3.0.xsd" version="3.0" name="TestSuite" time="45.501" tests="1" errors="0" skipped="0" failures="1">
  <properties>
[...]
</properties>
  <testcase name="Sprint_ApiDemos_PreferenceValidation" classname="com.learning.testcases.API_Demos.TC_Preference" time="34.186">
    <failure message="null" type="java.lang.AssertionError"><![CDATA[java.lang.AssertionError: null
	at com.learning.testcases.API_Demos.TC_Preference.Sprint_ApiDemos_PreferenceValidation(TC_Preference.java:53)
]]></failure>
    <system-out><![CDATA[onStart()
&amp#27;[35m[Appium]&amp#27;[39m Welcome to Appium v1.20.2
&amp#27;[35m[Appium]&amp#27;[39m Appium REST http interface listener started on 0.0.0.0:4723
&amp#27;[35m[HTTP]&amp#27;[39m &amp#27;[37m-->&amp#27;[39m &amp#27;[37mGET&amp#27;[39m &amp#27;[37m/wd/hub/status&amp#27;[39m
&amp#27;[35m[HTTP]&amp#27;[39m &amp#27;[90m{}&amp#27;[39m
[debug] &amp#27;[35m[GENERIC]&amp#27;[39m Calling AppiumDriver.getStatus() with args: []
[debug] &amp#27;[35m[GENERIC]&amp#27;[39m Responding to client with driver.getStatus() result: {"build":{"version":"1.20.2"}}
&amp#27;[35m[HTTP]&amp#27;[39m &amp#27;[37m<-- GET /wd/hub/status &amp#27;[39m&amp#27;[32m200&amp#27;[39m &amp#27;[90m26 ms - 68&amp#27;[39m
&amp#27;[35m[HTTP]&amp#27;[39m &amp#27;[90m&amp#27;[39m
onTestStart()
APIDemos_App : ApiDemos-debug.apk
--------------------------------
Device name is taken from Jenkins
automation_name : uiautomator2
newCommandTimeout : 15
--------------------------------
&amp#27;[35m[HTTP]&amp#27;[39m &amp#27;[37m-->&amp#27;[39m &amp#27;[37mPOST&amp#27;[39m &amp#27;[37m/wd/hub/session&amp#27;[39m
&amp#27;[35m[HTTP]&amp#27;[39m &amp#27;[90m{"desiredCapabilities":{"app":"F:\\Work_in_local_machine\\Eclipse_2020\\Workspace\\LearningWS\\RS_Appium-Mobile_Automation_Testing_from_Scratch_+_Frameworks\\7_AppiumFramework_Native\\.\\src\\main\\resources\\apps\\ApiDemos-debug.apk","automationName":"uiautomator2","platformName":"Android","deviceName":"Rajat_Emulator","newCommandTimeout":"15"},"capabilities":{"firstMatch":[{"appium:app":"F:\\Work_in_local_machine\\Eclipse_2020\\Workspace\\LearningWS\\RS_Appium-Mobile_Automation_Testing_from_Scratch_+_Frameworks\\7_AppiumFramework_Native\\.\\src\\main\\resources\\apps\\ApiDemos-debug.apk","appium:automationName":"uiautomator2","appium:deviceName":"Rajat_Emulator","appium:newCommandTimeout":"15","platformName":"android"}]}}&amp#27;[39m
[debug] &amp#27;[35m[W3C]&amp#27;[39m Calling AppiumDriver.createSession() with args: [{"app":"F:\\Work_in_local_machine\\Eclipse_2020\\Workspace\\LearningWS\\RS_Appium-Mobile_Automation_Testing_from_Scratch_+_Frameworks\\7_AppiumFramework_Native\\.\\src\\main\\resources\\apps\\ApiDemos-debug.apk","automationName":"uiautomator2","platformName":"Android","deviceName":"Rajat_Emulator","newCommandTimeout":"15"},null,{"firstMatch":[{"appium:app":"F:\\Work_in_local_machine\\Eclipse_2020\\Workspace\\LearningWS\\RS_Appium-Mobile_Automation_Testing_from_Scratch_+_Frameworks\\7_AppiumFramework_Native\\.\\src\\main\\resources\\apps\\ApiDemos-debug.apk","appium:automationName":"uiautomator2","appium:deviceName":"Rajat_Emulator","appium:newCommandTimeout":"15","platformName":"android"}]}]
[debug] &amp#27;[35m[BaseDriver]&amp#27;[39m Event 'newSessionRequested' logged at 1611691627206 (01:37:07 GMT+0530 (India Standard Time))
&amp#27;[35m[BaseDriver]&amp#27;[39m Number capability passed in as string. Functionality may be compromised.
&amp#27;[35m[Appium]&amp#27;[39m Appium v1.20.2 creating new AndroidUiautomator2Driver (v1.61.2) session
[debug] &amp#27;[35m[BaseDriver]&amp#27;[39m W3C capabilities and MJSONWP desired capabilities were provided
[debug] &amp#27;[35m[BaseDriver]&amp#27;[39m Creating session with W3C capabilities: {
[debug] &amp#27;[35m[BaseDriver]&amp#27;[39m   "alwaysMatch": {
[debug] &amp#27;[35m[BaseDriver]&amp#27;[39m     "platformName": "android",
[debug] &amp#27;[35m[BaseDriver]&amp#27;[39m     "appium:app": "F:\\Work_in_local_machine\\Eclipse_2020\\Workspace\\LearningWS\\RS_Appium-Mobile_Automation_Testing_from_Scratch_+_Frameworks\\7_AppiumFramework_Native\\.\\src\\main\\resources\\apps\\ApiDemos-debug.apk",
[debug] &amp#27;[35m[BaseDriver]&amp#27;[39m     "appium:automationName": "uiautomator2",
[debug] &amp#27;[35m[BaseDriver]&amp#27;[39m     "appium:deviceName": "Rajat_Emulator",
[debug] &amp#27;[35m[BaseDriver]&amp#27;[39m     "appium:newCommandTimeout": "15"
[debug] &amp#27;[35m[BaseDriver]&amp#27;[39m   },
[debug] &amp#27;[35m[BaseDriver]&amp#27;[39m   "firstMatch": [
[debug] &amp#27;[35m[BaseDriver]&amp#27;[39m     {}
[debug] &amp#27;[35m[BaseDriver]&amp#27;[39m   ]
[debug] &amp#27;[35m[BaseDriver]&amp#27;[39m }
&amp#27;[35m[BaseDriver]&amp#27;[39m Number capability passed in as string. Functionality may be compromised.
&amp#27;[35m[BaseDriver]&amp#27;[39m Capability 'newCommandTimeout' changed from string ('15') to integer (15). This may cause unexpected behavior
&amp#27;[35m[BaseDriver]&amp#27;[39m Session created with session id: 8326c88c-36a6-441c-b1c1-2f3b8db2778a
&amp#27;[35m[BaseDriver]&amp#27;[39m Using local app 'F:\Work_in_local_machine\Eclipse_2020\Workspace\LearningWS\RS_Appium-Mobile_Automation_Testing_from_Scratch_+_Frameworks\7_AppiumFramework_Native\.\src\main\resources\apps\ApiDemos-debug.apk'
[debug] &amp#27;[35m[UiAutomator2]&amp#27;[39m Checking whether app is actually present
&amp#27;[35m[ADB]&amp#27;[39m Found 1 'build-tools' folders under 'C:\Users\Verma\AppData\Local\Android\Sdk' (newest first):
&amp#27;[35m[ADB]&amp#27;[39m     C:/Users/Verma/AppData/Local/Android/Sdk/build-tools/30.0.3
&amp#27;[35m[ADB]&amp#27;[39m Using 'adb.exe' from 'C:\Users\Verma\AppData\Local\Android\Sdk\platform-tools\adb.exe'
[debug] &amp#27;[35m[ADB]&amp#27;[39m Running 'C:\Users\Verma\AppData\Local\Android\Sdk\platform-tools\adb.exe -P 5037 start-server'
&amp#27;[35m[AndroidDriver]&amp#27;[39m Retrieving device list
[debug] &amp#27;[35m[ADB]&amp#27;[39m Trying to find a connected android device
[debug] &amp#27;[35m[ADB]&amp#27;[39m Getting connected devices
[debug] &amp#27;[35m[ADB]&amp#27;[39m Connected devices: [{"udid":"emulator-5554","state":"device"}]
&amp#27;[35m[AndroidDriver]&amp#27;[39m Using device: emulator-5554
&amp#27;[35m[ADB]&amp#27;[39m Using 'adb.exe' from 'C:\Users\Verma\AppData\Local\Android\Sdk\platform-tools\adb.exe'
[debug] &amp#27;[35m[ADB]&amp#27;[39m Running 'C:\Users\Verma\AppData\Local\Android\Sdk\platform-tools\adb.exe -P 5037 start-server'
[debug] &amp#27;[35m[ADB]&amp#27;[39m Setting device id to emulator-5554
[debug] &amp#27;[35m[ADB]&amp#27;[39m Running 'C:\Users\Verma\AppData\Local\Android\Sdk\platform-tools\adb.exe -P 5037 -s emulator-5554 shell getprop ro.build.version.sdk'
[debug] &amp#27;[35m[ADB]&amp#27;[39m Current device property 'ro.build.version.sdk': 28
&amp#27;[35m[ADB]&amp#27;[39m Getting device platform version
[debug] &amp#27;[35m[ADB]&amp#27;[39m Running 'C:\Users\Verma\AppData\Local\Android\Sdk\platform-tools\adb.exe -P 5037 -s emulator-5554 shell getprop ro.build.version.release'
[debug] &amp#27;[35m[ADB]&amp#27;[39m Current device property 'ro.build.version.release': 9
[debug] &amp#27;[35m[ADB]&amp#27;[39m Device API level: 28
&amp#27;[35m[UiAutomator2]&amp#27;[39m Relaxing hidden api policy
[debug] &amp#27;[35m[ADB]&amp#27;[39m Running 'C:\Users\Verma\AppData\Local\Android\Sdk\platform-tools\adb.exe -P 5037 -s emulator-5554 shell 'settings put global hidden_api_policy_pre_p_apps 1;settings put global hidden_api_policy_p_apps 1;settings put global hidden_api_policy 1''
[debug] &amp#27;[35m[AndroidDriver]&amp#27;[39m Parsing package and activity from app manifest
&amp#27;[35m[ADB]&amp#27;[39m Package name: 'io.appium.android.apis'
&amp#27;[35m[ADB]&amp#27;[39m Main activity name: 'io.appium.android.apis.ApiDemos'
[debug] &amp#27;[35m[AndroidDriver]&amp#27;[39m Parsed package and activity are: io.appium.android.apis/io.appium.android.apis.ApiDemos
[debug] &amp#27;[35m[ADB]&amp#27;[39m Running 'C:\Users\Verma\AppData\Local\Android\Sdk\platform-tools\adb.exe -P 5037 -s emulator-5554 wait-for-device'
[debug] &amp#27;[35m[ADB]&amp#27;[39m Running 'C:\Users\Verma\AppData\Local\Android\Sdk\platform-tools\adb.exe -P 5037 -s emulator-5554 shell echo ping'
[debug] &amp#27;[35m[AndroidDriver]&amp#27;[39m Pushing settings apk to device...
[debug] &amp#27;[35m[ADB]&amp#27;[39m Getting install status for io.appium.settings
[debug] &amp#27;[35m[ADB]&amp#27;[39m Running 'C:\Users\Verma\AppData\Local\Android\Sdk\platform-tools\adb.exe -P 5037 -s emulator-5554 shell dumpsys package io.appium.settings'
[debug] &amp#27;[35m[ADB]&amp#27;[39m 'io.appium.settings' is installed
[debug] &amp#27;[35m[ADB]&amp#27;[39m Getting package info for 'io.appium.settings'
[debug] &amp#27;[35m[ADB]&amp#27;[39m Running 'C:\Users\Verma\AppData\Local\Android\Sdk\platform-tools\adb.exe -P 5037 -s emulator-5554 shell dumpsys package io.appium.settings'
[debug] &amp#27;[35m[ADB]&amp#27;[39m The version name of the installed 'io.appium.settings' is greater or equal to the application version name ('3.2.1' >= '3.2.1')
[debug] &amp#27;[35m[ADB]&amp#27;[39m There is no need to install/upgrade 'C:\Users\Verma\AppData\Roaming\npm\node_modules\appium\node_modules\io.appium.settings\apks\settings_apk-debug.apk'
[debug] &amp#27;[35m[ADB]&amp#27;[39m Getting IDs of all 'io.appium.settings' processes
[debug] &amp#27;[35m[ADB]&amp#27;[39m Running 'C:\Users\Verma\AppData\Local\Android\Sdk\platform-tools\adb.exe -P 5037 -s emulator-5554 shell 'pgrep --help; echo $?''
[debug] &amp#27;[35m[ADB]&amp#27;[39m Running 'C:\Users\Verma\AppData\Local\Android\Sdk\platform-tools\adb.exe -P 5037 -s emulator-5554 shell pgrep -f \(\[\[:blank:\]\]\|\^\)io\.appium\.settings\(\[\[:blank:\]\]\|\$\)'
[debug] &amp#27;[35m[AndroidDriver]&amp#27;[39m io.appium.settings is already running. There is no need to reset its permissions.
[debug] &amp#27;[35m[Logcat]&amp#27;[39m Starting logs capture with command: C:\\Users\\Verma\\AppData\\Local\\Android\\Sdk\\platform-tools\\adb.exe -P 5037 -s emulator-5554 logcat -v threadtime
[debug] &amp#27;[35m[UiAutomator2]&amp#27;[39m Forwarding UiAutomator2 Server port 6790 to local port 8224
[debug] &amp#27;[35m[ADB]&amp#27;[39m Forwarding system: 8224 to device: 6790
[debug] &amp#27;[35m[ADB]&amp#27;[39m Running 'C:\Users\Verma\AppData\Local\Android\Sdk\platform-tools\adb.exe -P 5037 -s emulator-5554 forward tcp:8224 tcp:6790'
[debug] &amp#27;[35m[ADB]&amp#27;[39m Getting install status for io.appium.uiautomator2.server
[debug] &amp#27;[35m[ADB]&amp#27;[39m Running 'C:\Users\Verma\AppData\Local\Android\Sdk\platform-tools\adb.exe -P 5037 -s emulator-5554 shell dumpsys package io.appium.uiautomator2.server'
[debug] &amp#27;[35m[ADB]&amp#27;[39m 'io.appium.uiautomator2.server' is installed
[debug] &amp#27;[35m[ADB]&amp#27;[39m Getting package info for 'io.appium.uiautomator2.server'
[debug] &amp#27;[35m[ADB]&amp#27;[39m Running 'C:\Users\Verma\AppData\Local\Android\Sdk\platform-tools\adb.exe -P 5037 -s emulator-5554 shell dumpsys package io.appium.uiautomator2.server'
[debug] &amp#27;[35m[ADB]&amp#27;[39m The version name of the installed 'io.appium.uiautomator2.server' is greater or equal to the application version name ('4.17.4' >= '4.17.4')
[debug] &amp#27;[35m[UiAutomator2]&amp#27;[39m io.appium.uiautomator2.server installation state: sameVersionInstalled
[debug] &amp#27;[35m[ADB]&amp#27;[39m Checking app cert for C:\Users\Verma\AppData\Roaming\npm\node_modules\appium\node_modules\appium-uiautomator2-server\apks\appium-uiautomator2-server-v4.17.4.apk
&amp#27;[35m[ADB]&amp#27;[39m Using 'apksigner.jar' from 'C:\Users\Verma\AppData\Local\Android\Sdk\build-tools\30.0.3\lib\apksigner.jar'
[debug] &amp#27;[35m[ADB]&amp#27;[39m Starting apksigner: 'C:\\Program Files\\Java\\jdk1.8.0_271\\bin\\java.exe' -Xmx1024M -Xss1m -jar C:\\Users\\Verma\\AppData\\Local\\Android\\Sdk\\build-tools\\30.0.3\\lib\\apksigner.jar verify --print-certs C:\\Users\\Verma\\AppData\\Roaming\\npm\\node_modules\\appium\\node_modules\\appium-uiautomator2-server\\apks\\appium-uiautomator2-server-v4.17.4.apk
[debug] &amp#27;[35m[ADB]&amp#27;[39m apksigner stdout: Signer #1 certificate DN: EMAILADDRESS=android@android.com, CN=Android, OU=Android, O=Android, L=Mountain View, ST=California, C=US
[debug] &amp#27;[35m[ADB]&amp#27;[39m Signer #1 certificate SHA-256 digest: a40da80a59d170caa950cf15c18c454d47a39b26989d8b640ecd745ba71bf5dc
[debug] &amp#27;[35m[ADB]&amp#27;[39m Signer #1 certificate SHA-1 digest: 61ed377e85d386a8dfee6b864bd85b0bfaa5af81
[debug] &amp#27;[35m[ADB]&amp#27;[39m Signer #1 certificate MD5 digest: e89b158e4bcf988ebd09eb83f5378e87
[debug] &amp#27;[35m[ADB]&amp#27;[39m 
[debug] &amp#27;[35m[ADB]&amp#27;[39m sha256 hash did match for 'appium-uiautomator2-server-v4.17.4.apk'
&amp#27;[35m[ADB]&amp#27;[39m 'C:\Users\Verma\AppData\Roaming\npm\node_modules\appium\node_modules\appium-uiautomator2-server\apks\appium-uiautomator2-server-v4.17.4.apk' is signed with the default certificate
[debug] &amp#27;[35m[ADB]&amp#27;[39m Getting install status for io.appium.uiautomator2.server.test
[debug] &amp#27;[35m[ADB]&amp#27;[39m Running 'C:\Users\Verma\AppData\Local\Android\Sdk\platform-tools\adb.exe -P 5037 -s emulator-5554 shell dumpsys package io.appium.uiautomator2.server.test'
[debug] &amp#27;[35m[ADB]&amp#27;[39m 'io.appium.uiautomator2.server.test' is installed
[debug] &amp#27;[35m[ADB]&amp#27;[39m Checking app cert for C:\Users\Verma\AppData\Roaming\npm\node_modules\appium\node_modules\appium-uiautomator2-server\apks\appium-uiautomator2-server-debug-androidTest.apk
[debug] &amp#27;[35m[ADB]&amp#27;[39m Starting apksigner: 'C:\\Program Files\\Java\\jdk1.8.0_271\\bin\\java.exe' -Xmx1024M -Xss1m -jar C:\\Users\\Verma\\AppData\\Local\\Android\\Sdk\\build-tools\\30.0.3\\lib\\apksigner.jar verify --print-certs C:\\Users\\Verma\\AppData\\Roaming\\npm\\node_modules\\appium\\node_modules\\appium-uiautomator2-server\\apks\\appium-uiautomator2-server-debug-androidTest.apk
[debug] &amp#27;[35m[ADB]&amp#27;[39m apksigner stdout: Signer #1 certificate DN: EMAILADDRESS=android@android.com, CN=Android, OU=Android, O=Android, L=Mountain View, ST=California, C=US
[debug] &amp#27;[35m[ADB]&amp#27;[39m Signer #1 certificate SHA-256 digest: a40da80a59d170caa950cf15c18c454d47a39b26989d8b640ecd745ba71bf5dc
[debug] &amp#27;[35m[ADB]&amp#27;[39m Signer #1 certificate SHA-1 digest: 61ed377e85d386a8dfee6b864bd85b0bfaa5af81
[debug] &amp#27;[35m[ADB]&amp#27;[39m Signer #1 certificate MD5 digest: e89b158e4bcf988ebd09eb83f5378e87
[debug] &amp#27;[35m[ADB]&amp#27;[39m 
[debug] &amp#27;[35m[ADB]&amp#27;[39m sha256 hash did match for 'appium-uiautomator2-server-debug-androidTest.apk'
&amp#27;[35m[ADB]&amp#27;[39m 'C:\Users\Verma\AppData\Roaming\npm\node_modules\appium\node_modules\appium-uiautomator2-server\apks\appium-uiautomator2-server-debug-androidTest.apk' is signed with the default certificate
&amp#27;[35m[UiAutomator2]&amp#27;[39m Server packages are not going to be (re)installed
[debug] &amp#27;[35m[UiAutomator2]&amp#27;[39m Waiting up to 30000ms for services to be available
[debug] &amp#27;[35m[ADB]&amp#27;[39m Running 'C:\Users\Verma\AppData\Local\Android\Sdk\platform-tools\adb.exe -P 5037 -s emulator-5554 shell pm list instrumentation'
[debug] &amp#27;[35m[UiAutomator2]&amp#27;[39m Instrumentation target 'io.appium.uiautomator2.server.test/androidx.test.runner.AndroidJUnitRunner' is available
&amp#27;[35m[ADB]&amp#27;[39m Adding packages ["io.appium.settings","io.appium.uiautomator2.server","io.appium.uiautomator2.server.test"] to Doze whitelist
[debug] &amp#27;[35m[ADB]&amp#27;[39m Got the following command chunks to execute: [["dumpsys","deviceidle","whitelist","+io.appium.settings",";","dumpsys","deviceidle","whitelist","+io.appium.uiautomator2.server",";","dumpsys","deviceidle","whitelist","+io.appium.uiautomator2.server.test",";"]]
[debug] &amp#27;[35m[ADB]&amp#27;[39m Running 'C:\Users\Verma\AppData\Local\Android\Sdk\platform-tools\adb.exe -P 5037 -s emulator-5554 shell dumpsys deviceidle whitelist +io.appium.settings ; dumpsys deviceidle whitelist +io.appium.uiautomator2.server ; dumpsys deviceidle whitelist +io.appium.uiautomator2.server.test ;'
[debug] &amp#27;[35m[ADB]&amp#27;[39m Checking app cert for F:\Work_in_local_machine\Eclipse_2020\Workspace\LearningWS\RS_Appium-Mobile_Automation_Testing_from_Scratch_+_Frameworks\7_AppiumFramework_Native\.\src\main\resources\apps\ApiDemos-debug.apk
[debug] &amp#27;[35m[ADB]&amp#27;[39m Starting apksigner: 'C:\\Program Files\\Java\\jdk1.8.0_271\\bin\\java.exe' -Xmx1024M -Xss1m -jar C:\\Users\\Verma\\AppData\\Local\\Android\\Sdk\\build-tools\\30.0.3\\lib\\apksigner.jar verify --print-certs F:\\Work_in_local_machine\\Eclipse_2020\\Workspace\\LearningWS\\RS_Appium-Mobile_Automation_Testing_from_Scratch_+_Frameworks\\7_AppiumFramework_Native\\.\\src\\main\\resources\\apps\\ApiDemos-debug.apk
[debug] &amp#27;[35m[ADB]&amp#27;[39m apksigner stdout: Signer #1 certificate DN: EMAILADDRESS=android@android.com, CN=Android, OU=Android, O=Android, L=Mountain View, ST=California, C=US
[debug] &amp#27;[35m[ADB]&amp#27;[39m Signer #1 certificate SHA-256 digest: a40da80a59d170caa950cf15c18c454d47a39b26989d8b640ecd745ba71bf5dc
[debug] &amp#27;[35m[ADB]&amp#27;[39m Signer #1 certificate SHA-1 digest: 61ed377e85d386a8dfee6b864bd85b0bfaa5af81
[debug] &amp#27;[35m[ADB]&amp#27;[39m Signer #1 certificate MD5 digest: e89b158e4bcf988ebd09eb83f5378e87
[debug] &amp#27;[35m[ADB]&amp#27;[39m 
[debug] &amp#27;[35m[ADB]&amp#27;[39m sha256 hash did match for 'ApiDemos-debug.apk'
&amp#27;[35m[ADB]&amp#27;[39m 'F:\Work_in_local_machine\Eclipse_2020\Workspace\LearningWS\RS_Appium-Mobile_Automation_Testing_from_Scratch_+_Frameworks\7_AppiumFramework_Native\.\src\main\resources\apps\ApiDemos-debug.apk' is signed with the default certificate
[debug] &amp#27;[35m[ADB]&amp#27;[39m Getting install status for io.appium.android.apis
[debug] &amp#27;[35m[ADB]&amp#27;[39m Running 'C:\Users\Verma\AppData\Local\Android\Sdk\platform-tools\adb.exe -P 5037 -s emulator-5554 shell dumpsys package io.appium.android.apis'
[debug] &amp#27;[35m[ADB]&amp#27;[39m 'io.appium.android.apis' is installed
[debug] &amp#27;[35m[ADB]&amp#27;[39m Getting package info for 'io.appium.android.apis'
[debug] &amp#27;[35m[ADB]&amp#27;[39m Running 'C:\Users\Verma\AppData\Local\Android\Sdk\platform-tools\adb.exe -P 5037 -s emulator-5554 shell dumpsys package io.appium.android.apis'
[debug] &amp#27;[35m[ADB]&amp#27;[39m The version name of the installed 'io.appium.android.apis' is greater or equal to the application version name ('3.1.0' >= '3.1.0')
[debug] &amp#27;[35m[ADB]&amp#27;[39m There is no need to install/upgrade 'F:\Work_in_local_machine\Eclipse_2020\Workspace\LearningWS\RS_Appium-Mobile_Automation_Testing_from_Scratch_+_Frameworks\7_AppiumFramework_Native\.\src\main\resources\apps\ApiDemos-debug.apk'
&amp#27;[35m[AndroidDriver]&amp#27;[39m Performing fast reset on 'io.appium.android.apis'
[debug] &amp#27;[35m[ADB]&amp#27;[39m Getting install status for io.appium.android.apis
[debug] &amp#27;[35m[ADB]&amp#27;[39m Running 'C:\Users\Verma\AppData\Local\Android\Sdk\platform-tools\adb.exe -P 5037 -s emulator-5554 shell dumpsys package io.appium.android.apis'
[debug] &amp#27;[35m[ADB]&amp#27;[39m 'io.appium.android.apis' is installed
[debug] &amp#27;[35m[ADB]&amp#27;[39m Running 'C:\Users\Verma\AppData\Local\Android\Sdk\platform-tools\adb.exe -P 5037 -s emulator-5554 shell am force-stop io.appium.android.apis'
[debug] &amp#27;[35m[ADB]&amp#27;[39m Running 'C:\Users\Verma\AppData\Local\Android\Sdk\platform-tools\adb.exe -P 5037 -s emulator-5554 shell pm clear io.appium.android.apis'
[debug] &amp#27;[35m[AndroidDriver]&amp#27;[39m Performed fast reset on the installed 'io.appium.android.apis' application (stop and clear)
[debug] &amp#27;[35m[UiAutomator2]&amp#27;[39m Performing shallow cleanup of automation leftovers
[debug] &amp#27;[35m[UiAutomator2]&amp#27;[39m The following obsolete sessions are still running: [null]
[debug] &amp#27;[35m[UiAutomator2]&amp#27;[39m Cleaning up the obsolete sessions
[debug] &amp#27;[35m[ADB]&amp#27;[39m Running 'C:\Users\Verma\AppData\Local\Android\Sdk\platform-tools\adb.exe -P 5037 -s emulator-5554 shell am force-stop io.appium.uiautomator2.server.test'
&amp#27;[35m[UiAutomator2]&amp#27;[39m Starting UIAutomator2 server 4.17.4
&amp#27;[35m[UiAutomator2]&amp#27;[39m Using UIAutomator2 server from 'C:\Users\Verma\AppData\Roaming\npm\node_modules\appium\node_modules\appium-uiautomator2-server\apks\appium-uiautomator2-server-v4.17.4.apk' and test from 'C:\Users\Verma\AppData\Roaming\npm\node_modules\appium\node_modules\appium-uiautomator2-server\apks\appium-uiautomator2-server-debug-androidTest.apk'
&amp#27;[35m[UiAutomator2]&amp#27;[39m Waiting up to 30000ms for UiAutomator2 to be online...
[debug] &amp#27;[35m[ADB]&amp#27;[39m Creating ADB subprocess with args: ["-P",5037,"-s","emulator-5554","shell","am","instrument","-w","io.appium.uiautomator2.server.test/androidx.test.runner.AndroidJUnitRunner"]
[debug] &amp#27;[35m[WD Proxy]&amp#27;[39m Matched '/status' to command name 'getStatus'
[debug] &amp#27;[35m[WD Proxy]&amp#27;[39m Proxying [GET /status] to [GET http://127.0.0.1:8224/wd/hub/status] with no body
&amp#27;[35m[WD Proxy]&amp#27;[39m socket hang up
[debug] &amp#27;[35m[WD Proxy]&amp#27;[39m Matched '/status' to command name 'getStatus'
[debug] &amp#27;[35m[WD Proxy]&amp#27;[39m Proxying [GET /status] to [GET http://127.0.0.1:8224/wd/hub/status] with no body
&amp#27;[35m[WD Proxy]&amp#27;[39m socket hang up
[debug] &amp#27;[35m[Instrumentation]&amp#27;[39m io.appium.uiautomator2.server.test.AppiumUiAutomator2Server:
[debug] &amp#27;[35m[WD Proxy]&amp#27;[39m Matched '/status' to command name 'getStatus'
[debug] &amp#27;[35m[WD Proxy]&amp#27;[39m Proxying [GET /status] to [GET http://127.0.0.1:8224/wd/hub/status] with no body
&amp#27;[35m[WD Proxy]&amp#27;[39m socket hang up
[debug] &amp#27;[35m[WD Proxy]&amp#27;[39m Matched '/status' to command name 'getStatus'
[debug] &amp#27;[35m[WD Proxy]&amp#27;[39m Proxying [GET /status] to [GET http://127.0.0.1:8224/wd/hub/status] with no body
[debug] &amp#27;[35m[WD Proxy]&amp#27;[39m Got response with status 200: {"sessionId":"None","value":{"message":"UiAutomator2 Server is ready to accept commands","ready":true}}
[debug] &amp#27;[35m[UiAutomator2]&amp#27;[39m The initialization of the instrumentation process took 3373ms
[debug] &amp#27;[35m[WD Proxy]&amp#27;[39m Matched '/session' to command name 'createSession'
[debug] &amp#27;[35m[WD Proxy]&amp#27;[39m Proxying [POST /session] to [POST http://127.0.0.1:8224/wd/hub/session] with body: {"capabilities":{"firstMatch":[{"platform":"LINUX","webStorageEnabled":false,"takesScreenshot":true,"javascriptEnabled":true,"databaseEnabled":false,"networkConnectionEnabled":true,"locationContextEnabled":false,"warnings":{},"desired":{"platformName":"android","app":"F:\\Work_in_local_machine\\Eclipse_2020\\Workspace\\LearningWS\\RS_Appium-Mobile_Automation_Testing_from_Scratch_+_Frameworks\\7_AppiumFramework_Native\\.\\src\\main\\resources\\apps\\ApiDemos-debug.apk","automationName":"uiautomator2","deviceName":"Rajat_Emulator","newCommandTimeout":15},"platformName":"android","app":"F:\\Work_in_local_machine\\Eclipse_2020\\Workspace\\LearningWS\\RS_Appium-Mobile_Automation_Testing_from_Scratch_+_Frameworks\\7_AppiumFramework_Native\\.\\src\\main\\resources\\apps\\ApiDemos-debug.apk","automationName":"uiautomator2","deviceName":"emulator-5554","newCommandTimeout":15,"deviceUDID":"emulator-5554","appPackage":"io.appium.android.apis"}],"alwaysMatch":{}}}
[debug] &amp#27;[35m[WD Proxy]&amp#27;[39m Got response with status 200: {"sessionId":"9f3f069e-ca69-4434-9d9b-6de1d970b14f","value":{"capabilities":{"firstMatch":[{"platform":"LINUX","webStorageEnabled":false,"takesScreenshot":true,"javascriptEnabled":true,"databaseEnabled":false,"networkConnectionEnabled":true,"locationContextEnabled":false,"warnings":{},"desired":{"platformName":"android","app":"F:\\Work_in_local_machine\\Eclipse_2020\\Workspace\\LearningWS\\RS_Appium-Mobile_Automation_Testing_from_Scratch_+_Frameworks\\7_AppiumFramework_Native\\.\\src\\main\\resources\\apps\\ApiDemos-debug.apk","automationName":"uiautomator2","deviceName":"Rajat_Emulator","newCommandTimeout":15},"platformName":"android","app":"F:\\Work_in_local_machine\\Eclipse_2020\\Workspace\\LearningWS\\RS_Appium-Mobile_Automation_Testing_from_Scratch_+_Frameworks\\7_AppiumFramework_Native\\.\\src\\main\\resources\\apps\\ApiDemos-debug.apk","automationName":"uiautomator2","deviceName":"emulator-5554","newCommandTimeout":15,"deviceUDID":"emulator-5554","appPackage":"io.appium.android.apis"}],"alwaysMatch"...
&amp#27;[35m[WD Proxy]&amp#27;[39m Determined the downstream protocol as 'W3C'
[debug] &amp#27;[35m[WD Proxy]&amp#27;[39m Proxying [GET /appium/device/info] to [GET http://127.0.0.1:8224/wd/hub/session/9f3f069e-ca69-4434-9d9b-6de1d970b14f/appium/device/info] with no body
[debug] &amp#27;[35m[WD Proxy]&amp#27;[39m Got response with status 200: {"sessionId":"9f3f069e-ca69-4434-9d9b-6de1d970b14f","value":{"androidId":"90f02b27bf4f5fa5","apiVersion":"28","bluetooth":null,"brand":"google","carrierName":"Android","displayDensity":440,"locale":"en_US","manufacturer":"Google","model":"AOSP on IA Emulator","networks":[{"capabilities":{"SSID":null,"linkDownBandwidthKbps":1048576,"linkUpstreamBandwidthKbps":1048576,"networkCapabilities":"NET_CAPABILITY_NOT_METERED,NET_CAPABILITY_INTERNET,NET_CAPABILITY_NOT_RESTRICTED,NET_CAPABILITY_TRUSTED,NET_CAPABILITY_NOT_VPN,NET_CAPABILITY_NOT_ROAMING,NET_CAPABILITY_FOREGROUND,NET_CAPABILITY_NOT_CONGESTED,NET_CAPABILITY_NOT_SUSPENDED","signalStrength":-50,"transportTypes":"TRANSPORT_WIFI"},"detailedState":"CONNECTED","extraInfo":null,"isAvailable":true,"isConnected":true,"isFailover":false,"isRoaming":false,"state":"CONNECTED","subtype":0,"subtypeName":"","type":1,"typeName":"WIFI"},{"capabilities":{"SSID":null,"linkDownBandwidthKbps":102400,"linkUpstreamBandwidthKbps":51200,"networkCapabilities":"NET_CAPABILITY_MMS,N...
[debug] &amp#27;[35m[ADB]&amp#27;[39m Running 'C:\Users\Verma\AppData\Local\Android\Sdk\platform-tools\adb.exe -P 5037 -s emulator-5554 shell dumpsys window'
&amp#27;[35m[AndroidDriver]&amp#27;[39m Screen already unlocked, doing nothing
&amp#27;[35m[UiAutomator2]&amp#27;[39m Starting 'io.appium.android.apis/io.appium.android.apis.ApiDemos and waiting for 'io.appium.android.apis/io.appium.android.apis.ApiDemos'
[debug] &amp#27;[35m[ADB]&amp#27;[39m Running 'C:\Users\Verma\AppData\Local\Android\Sdk\platform-tools\adb.exe -P 5037 -s emulator-5554 shell am start -W -n io.appium.android.apis/io.appium.android.apis.ApiDemos -S -a android.intent.action.MAIN -c android.intent.category.LAUNCHER -f 0x10200000'
[debug] &amp#27;[35m[ADB]&amp#27;[39m Waiting up to 20000ms for activity matching pkg: 'io.appium.android.apis' and activity: 'io.appium.android.apis.ApiDemos' to be focused
[debug] &amp#27;[35m[ADB]&amp#27;[39m Possible activities, to be checked: 'io.appium.android.apis.ApiDemos', 'io.appium.android.apis.io.appium.android.apis.ApiDemos'
[debug] &amp#27;[35m[ADB]&amp#27;[39m Getting focused package and activity
[debug] &amp#27;[35m[ADB]&amp#27;[39m Running 'C:\Users\Verma\AppData\Local\Android\Sdk\platform-tools\adb.exe -P 5037 -s emulator-5554 shell dumpsys window windows'
[debug] &amp#27;[35m[ADB]&amp#27;[39m Found package: 'io.appium.android.apis' and fully qualified activity name : 'io.appium.android.apis.ApiDemos'
[debug] &amp#27;[35m[WD Proxy]&amp#27;[39m Proxying [GET /appium/device/pixel_ratio] to [GET http://127.0.0.1:8224/wd/hub/session/9f3f069e-ca69-4434-9d9b-6de1d970b14f/appium/device/pixel_ratio] with no body
[debug] &amp#27;[35m[WD Proxy]&amp#27;[39m Got response with status 200: {"sessionId":"9f3f069e-ca69-4434-9d9b-6de1d970b14f","value":2.75}
[debug] &amp#27;[35m[WD Proxy]&amp#27;[39m Matched '/appium/device/system_bars' to command name 'getSystemBars'
[debug] &amp#27;[35m[WD Proxy]&amp#27;[39m Proxying [GET /appium/device/system_bars] to [GET http://127.0.0.1:8224/wd/hub/session/9f3f069e-ca69-4434-9d9b-6de1d970b14f/appium/device/system_bars] with no body
[debug] &amp#27;[35m[WD Proxy]&amp#27;[39m Got response with status 200: {"sessionId":"9f3f069e-ca69-4434-9d9b-6de1d970b14f","value":{"statusBar":135}}
[debug] &amp#27;[35m[WD Proxy]&amp#27;[39m Matched '/window/current/size' to command name 'getWindowSize'
[debug] &amp#27;[35m[WD Proxy]&amp#27;[39m Proxying [GET /window/current/size] to [GET http://127.0.0.1:8224/wd/hub/session/9f3f069e-ca69-4434-9d9b-6de1d970b14f/window/current/size] with no body
[debug] &amp#27;[35m[WD Proxy]&amp#27;[39m Got response with status 200: {"sessionId":"9f3f069e-ca69-4434-9d9b-6de1d970b14f","value":{"height":1977,"width":1080}}
&amp#27;[35m[Appium]&amp#27;[39m New AndroidUiautomator2Driver session created successfully, session 8326c88c-36a6-441c-b1c1-2f3b8db2778a added to master session list
[debug] &amp#27;[35m[BaseDriver]&amp#27;[39m Event 'newSessionStarted' logged at 1611691646917 (01:37:26 GMT+0530 (India Standard Time))
[debug] &amp#27;[35m[W3C (8326c88c)]&amp#27;[39m Cached the protocol value 'W3C' for the new session 8326c88c-36a6-441c-b1c1-2f3b8db2778a
[debug] &amp#27;[35m[W3C (8326c88c)]&amp#27;[39m Responding to client with driver.createSession() result: {"capabilities":{"platform":"LINUX","webStorageEnabled":false,"takesScreenshot":true,"javascriptEnabled":true,"databaseEnabled":false,"networkConnectionEnabled":true,"locationContextEnabled":false,"warnings":{},"desired":{"platformName":"android","app":"F:\\Work_in_local_machine\\Eclipse_2020\\Workspace\\LearningWS\\RS_Appium-Mobile_Automation_Testing_from_Scratch_+_Frameworks\\7_AppiumFramework_Native\\.\\src\\main\\resources\\apps\\ApiDemos-debug.apk","automationName":"uiautomator2","deviceName":"Rajat_Emulator","newCommandTimeout":15},"platformName":"android","app":"F:\\Work_in_local_machine\\Eclipse_2020\\Workspace\\LearningWS\\RS_Appium-Mobile_Automation_Testing_from_Scratch_+_Frameworks\\7_AppiumFramework_Native\\.\\src\\main\\resources\\apps\\ApiDemos-debug.apk","automationName":"uiautomator2","deviceName":"emulator-5554","newCommandTimeout":15,"deviceUDID":"emulator-5554","appPackage":"io.appium.android.apis","deviceApiLevel":28,"platformVersion":"9","deviceScreenSize":"1080x2280","deviceScreenDens...
&amp#27;[35m[HTTP]&amp#27;[39m &amp#27;[37m<-- POST /wd/hub/session &amp#27;[39m&amp#27;[32m200&amp#27;[39m &amp#27;[90m19717 ms - 1259&amp#27;[39m
&amp#27;[35m[HTTP]&amp#27;[39m &amp#27;[90m&amp#27;[39m
Started
&amp#27;[35m[HTTP]&amp#27;[39m &amp#27;[37m-->&amp#27;[39m &amp#27;[37mPOST&amp#27;[39m &amp#27;[37m/wd/hub/session/8326c88c-36a6-441c-b1c1-2f3b8db2778a/timeouts&amp#27;[39m
&amp#27;[35m[HTTP]&amp#27;[39m &amp#27;[90m{"implicit":10000}&amp#27;[39m
[debug] &amp#27;[35m[W3C (8326c88c)]&amp#27;[39m Calling AppiumDriver.timeouts() with args: [null,null,null,null,10000,"8326c88c-36a6-441c-b1c1-2f3b8db2778a"]
[debug] &amp#27;[35m[BaseDriver]&amp#27;[39m W3C timeout argument: {"implicit":10000}}
[debug] &amp#27;[35m[BaseDriver]&amp#27;[39m Set implicit wait to 10000ms
[debug] &amp#27;[35m[W3C (8326c88c)]&amp#27;[39m Responding to client with driver.timeouts() result: null
&amp#27;[35m[HTTP]&amp#27;[39m &amp#27;[37m<-- POST /wd/hub/session/8326c88c-36a6-441c-b1c1-2f3b8db2778a/timeouts &amp#27;[39m&amp#27;[32m200&amp#27;[39m &amp#27;[90m14 ms - 14&amp#27;[39m
&amp#27;[35m[HTTP]&amp#27;[39m &amp#27;[90m&amp#27;[39m
&amp#27;[35m[HTTP]&amp#27;[39m &amp#27;[37m-->&amp#27;[39m &amp#27;[37mGET&amp#27;[39m &amp#27;[37m/wd/hub/session/8326c88c-36a6-441c-b1c1-2f3b8db2778a/context&amp#27;[39m
&amp#27;[35m[HTTP]&amp#27;[39m &amp#27;[90m{}&amp#27;[39m
[debug] &amp#27;[35m[W3C (8326c88c)]&amp#27;[39m Calling AppiumDriver.getCurrentContext() with args: ["8326c88c-36a6-441c-b1c1-2f3b8db2778a"]
[debug] &amp#27;[35m[W3C (8326c88c)]&amp#27;[39m Responding to client with driver.getCurrentContext() result: "NATIVE_APP"
&amp#27;[35m[HTTP]&amp#27;[39m &amp#27;[37m<-- GET /wd/hub/session/8326c88c-36a6-441c-b1c1-2f3b8db2778a/context &amp#27;[39m&amp#27;[32m200&amp#27;[39m &amp#27;[90m18 ms - 22&amp#27;[39m
&amp#27;[35m[HTTP]&amp#27;[39m &amp#27;[90m&amp#27;[39m
&amp#27;[35m[HTTP]&amp#27;[39m &amp#27;[37m-->&amp#27;[39m &amp#27;[37mPOST&amp#27;[39m &amp#27;[37m/wd/hub/session/8326c88c-36a6-441c-b1c1-2f3b8db2778a/element&amp#27;[39m
&amp#27;[35m[HTTP]&amp#27;[39m &amp#27;[90m{"using":"xpath","value":"//android.widget.TextView[@text='Preference']"}&amp#27;[39m
[debug] &amp#27;[35m[W3C (8326c88c)]&amp#27;[39m Calling AppiumDriver.findElement() with args: ["xpath","//android.widget.TextView[@text='Preference']","8326c88c-36a6-441c-b1c1-2f3b8db2778a"]
[debug] &amp#27;[35m[BaseDriver]&amp#27;[39m Valid locator strategies for this request: xpath, id, class name, accessibility id, css selector, -android uiautomator
[debug] &amp#27;[35m[BaseDriver]&amp#27;[39m Waiting up to 10000 ms for condition
[debug] &amp#27;[35m[WD Proxy]&amp#27;[39m Matched '/element' to command name 'findElement'
[debug] &amp#27;[35m[WD Proxy]&amp#27;[39m Proxying [POST /element] to [POST http://127.0.0.1:8224/wd/hub/session/9f3f069e-ca69-4434-9d9b-6de1d970b14f/element] with body: {"strategy":"xpath","selector":"//android.widget.TextView[@text='Preference']","context":"","multiple":false}
[debug] &amp#27;[35m[WD Proxy]&amp#27;[39m Got response with status 200: {"sessionId":"9f3f069e-ca69-4434-9d9b-6de1d970b14f","value":{"ELEMENT":"440f5427-4ef4-4e34-b683-62feba27f9b8","element-6066-11e4-a52e-4f735466cecf":"440f5427-4ef4-4e34-b683-62feba27f9b8"}}
[debug] &amp#27;[35m[W3C (8326c88c)]&amp#27;[39m Responding to client with driver.findElement() result: {"element-6066-11e4-a52e-4f735466cecf":"440f5427-4ef4-4e34-b683-62feba27f9b8","ELEMENT":"440f5427-4ef4-4e34-b683-62feba27f9b8"}
&amp#27;[35m[HTTP]&amp#27;[39m &amp#27;[37m<-- POST /wd/hub/session/8326c88c-36a6-441c-b1c1-2f3b8db2778a/element &amp#27;[39m&amp#27;[32m200&amp#27;[39m &amp#27;[90m477 ms - 137&amp#27;[39m
&amp#27;[35m[HTTP]&amp#27;[39m &amp#27;[90m&amp#27;[39m
&amp#27;[35m[HTTP]&amp#27;[39m &amp#27;[37m-->&amp#27;[39m &amp#27;[37mPOST&amp#27;[39m &amp#27;[37m/wd/hub/session/8326c88c-36a6-441c-b1c1-2f3b8db2778a/element/440f5427-4ef4-4e34-b683-62feba27f9b8/click&amp#27;[39m
&amp#27;[35m[HTTP]&amp#27;[39m &amp#27;[90m{"id":"440f5427-4ef4-4e34-b683-62feba27f9b8"}&amp#27;[39m
[debug] &amp#27;[35m[W3C (8326c88c)]&amp#27;[39m Calling AppiumDriver.click() with args: ["440f5427-4ef4-4e34-b683-62feba27f9b8","8326c88c-36a6-441c-b1c1-2f3b8db2778a"]
[debug] &amp#27;[35m[WD Proxy]&amp#27;[39m Matched '/element/440f5427-4ef4-4e34-b683-62feba27f9b8/click' to command name 'click'
[debug] &amp#27;[35m[WD Proxy]&amp#27;[39m Proxying [POST /element/440f5427-4ef4-4e34-b683-62feba27f9b8/click] to [POST http://127.0.0.1:8224/wd/hub/session/9f3f069e-ca69-4434-9d9b-6de1d970b14f/element/440f5427-4ef4-4e34-b683-62feba27f9b8/click] with body: {"element":"440f5427-4ef4-4e34-b683-62feba27f9b8"}
[debug] &amp#27;[35m[WD Proxy]&amp#27;[39m Got response with status 200: {"sessionId":"9f3f069e-ca69-4434-9d9b-6de1d970b14f","value":null}
[debug] &amp#27;[35m[W3C (8326c88c)]&amp#27;[39m Responding to client with driver.click() result: null
&amp#27;[35m[HTTP]&amp#27;[39m &amp#27;[37m<-- POST /wd/hub/session/8326c88c-36a6-441c-b1c1-2f3b8db2778a/element/440f5427-4ef4-4e34-b683-62feba27f9b8/click &amp#27;[39m&amp#27;[32m200&amp#27;[39m &amp#27;[90m653 ms - 14&amp#27;[39m
&amp#27;[35m[HTTP]&amp#27;[39m &amp#27;[90m&amp#27;[39m
&amp#27;[35m[HTTP]&amp#27;[39m &amp#27;[37m-->&amp#27;[39m &amp#27;[37mGET&amp#27;[39m &amp#27;[37m/wd/hub/session/8326c88c-36a6-441c-b1c1-2f3b8db2778a/context&amp#27;[39m
&amp#27;[35m[HTTP]&amp#27;[39m &amp#27;[90m{}&amp#27;[39m
[debug] &amp#27;[35m[W3C (8326c88c)]&amp#27;[39m Calling AppiumDriver.getCurrentContext() with args: ["8326c88c-36a6-441c-b1c1-2f3b8db2778a"]
[debug] &amp#27;[35m[W3C (8326c88c)]&amp#27;[39m Responding to client with driver.getCurrentContext() result: "NATIVE_APP"
&amp#27;[35m[HTTP]&amp#27;[39m &amp#27;[37m<-- GET /wd/hub/session/8326c88c-36a6-441c-b1c1-2f3b8db2778a/context &amp#27;[39m&amp#27;[32m200&amp#27;[39m &amp#27;[90m8 ms - 22&amp#27;[39m
&amp#27;[35m[HTTP]&amp#27;[39m &amp#27;[90m&amp#27;[39m
&amp#27;[35m[HTTP]&amp#27;[39m &amp#27;[37m-->&amp#27;[39m &amp#27;[37mPOST&amp#27;[39m &amp#27;[37m/wd/hub/session/8326c88c-36a6-441c-b1c1-2f3b8db2778a/element&amp#27;[39m
&amp#27;[35m[HTTP]&amp#27;[39m &amp#27;[90m{"using":"xpath","value":"//android.widget.TextView[@text='3. Preference dependencies']"}&amp#27;[39m
[debug] &amp#27;[35m[W3C (8326c88c)]&amp#27;[39m Calling AppiumDriver.findElement() with args: ["xpath","//android.widget.TextView[@text='3. Preference dependencies']","8326c88c-36a6-441c-b1c1-2f3b8db2778a"]
[debug] &amp#27;[35m[BaseDriver]&amp#27;[39m Valid locator strategies for this request: xpath, id, class name, accessibility id, css selector, -android uiautomator
[debug] &amp#27;[35m[BaseDriver]&amp#27;[39m Waiting up to 10000 ms for condition
[debug] &amp#27;[35m[WD Proxy]&amp#27;[39m Matched '/element' to command name 'findElement'
[debug] &amp#27;[35m[WD Proxy]&amp#27;[39m Proxying [POST /element] to [POST http://127.0.0.1:8224/wd/hub/session/9f3f069e-ca69-4434-9d9b-6de1d970b14f/element] with body: {"strategy":"xpath","selector":"//android.widget.TextView[@text='3. Preference dependencies']","context":"","multiple":false}
&amp#27;[35m[WD Proxy]&amp#27;[39m Got response with status 404: {"sessionId":"9f3f069e-ca69-4434-9d9b-6de1d970b14f","value":{"error":"no such element","message":"An element could not be located on the page using the given search parameters","stacktrace":"io.appium.uiautomator2.common.exceptions.ElementNotFoundException: An element could not be located on the page using the given search parameters\n\tat io.appium.uiautomator2.handler.FindElement.findElement(FindElement.java:91)\n\tat io.appium.uiautomator2.handler.FindElement.safeHandle(FindElement.java:68)\n\tat io.appium.uiautomator2.handler.request.SafeRequestHandler.handle(SafeRequestHandler.java:41)\n\tat io.appium.uiautomator2.server.AppiumServlet.handleRequest(AppiumServlet.java:261)\n\tat io.appium.uiautomator2.server.AppiumServlet.handleHttpRequest(AppiumServlet.java:255)\n\tat io.appium.uiautomator2.http.ServerHandler.channelRead(ServerHandler.java:68)\n\tat io.netty.channel.AbstractChannelHandlerContext.invokeChannelRead(AbstractChannelHandlerContext.java:366)\n\tat io.netty.channel.AbstractChannelHandlerCont...
[debug] &amp#27;[35m[W3C]&amp#27;[39m Matched W3C error code 'no such element' to NoSuchElementError
[debug] &amp#27;[35m[BaseDriver]&amp#27;[39m Waited for 344 ms so far
[debug] &amp#27;[35m[WD Proxy]&amp#27;[39m Matched '/element' to command name 'findElement'
[debug] &amp#27;[35m[WD Proxy]&amp#27;[39m Proxying [POST /element] to [POST http://127.0.0.1:8224/wd/hub/session/9f3f069e-ca69-4434-9d9b-6de1d970b14f/element] with body: {"strategy":"xpath","selector":"//android.widget.TextView[@text='3. Preference dependencies']","context":"","multiple":false}
[debug] &amp#27;[35m[WD Proxy]&amp#27;[39m Got response with status 200: {"sessionId":"9f3f069e-ca69-4434-9d9b-6de1d970b14f","value":{"ELEMENT":"3545a9c5-88bc-4bee-8ebf-67db4278ad9d","element-6066-11e4-a52e-4f735466cecf":"3545a9c5-88bc-4bee-8ebf-67db4278ad9d"}}
[debug] &amp#27;[35m[W3C (8326c88c)]&amp#27;[39m Responding to client with driver.findElement() result: {"element-6066-11e4-a52e-4f735466cecf":"3545a9c5-88bc-4bee-8ebf-67db4278ad9d","ELEMENT":"3545a9c5-88bc-4bee-8ebf-67db4278ad9d"}
&amp#27;[35m[HTTP]&amp#27;[39m &amp#27;[37m<-- POST /wd/hub/session/8326c88c-36a6-441c-b1c1-2f3b8db2778a/element &amp#27;[39m&amp#27;[32m200&amp#27;[39m &amp#27;[90m1041 ms - 137&amp#27;[39m
&amp#27;[35m[HTTP]&amp#27;[39m &amp#27;[90m&amp#27;[39m
&amp#27;[35m[HTTP]&amp#27;[39m &amp#27;[37m-->&amp#27;[39m &amp#27;[37mPOST&amp#27;[39m &amp#27;[37m/wd/hub/session/8326c88c-36a6-441c-b1c1-2f3b8db2778a/element/3545a9c5-88bc-4bee-8ebf-67db4278ad9d/click&amp#27;[39m
&amp#27;[35m[HTTP]&amp#27;[39m &amp#27;[90m{"id":"3545a9c5-88bc-4bee-8ebf-67db4278ad9d"}&amp#27;[39m
[debug] &amp#27;[35m[W3C (8326c88c)]&amp#27;[39m Calling AppiumDriver.click() with args: ["3545a9c5-88bc-4bee-8ebf-67db4278ad9d","8326c88c-36a6-441c-b1c1-2f3b8db2778a"]
[debug] &amp#27;[35m[WD Proxy]&amp#27;[39m Matched '/element/3545a9c5-88bc-4bee-8ebf-67db4278ad9d/click' to command name 'click'
[debug] &amp#27;[35m[WD Proxy]&amp#27;[39m Proxying [POST /element/3545a9c5-88bc-4bee-8ebf-67db4278ad9d/click] to [POST http://127.0.0.1:8224/wd/hub/session/9f3f069e-ca69-4434-9d9b-6de1d970b14f/element/3545a9c5-88bc-4bee-8ebf-67db4278ad9d/click] with body: {"element":"3545a9c5-88bc-4bee-8ebf-67db4278ad9d"}
[debug] &amp#27;[35m[WD Proxy]&amp#27;[39m Got response with status 200: {"sessionId":"9f3f069e-ca69-4434-9d9b-6de1d970b14f","value":null}
[debug] &amp#27;[35m[W3C (8326c88c)]&amp#27;[39m Responding to client with driver.click() result: null
&amp#27;[35m[HTTP]&amp#27;[39m &amp#27;[37m<-- POST /wd/hub/session/8326c88c-36a6-441c-b1c1-2f3b8db2778a/element/3545a9c5-88bc-4bee-8ebf-67db4278ad9d/click &amp#27;[39m&amp#27;[32m200&amp#27;[39m &amp#27;[90m830 ms - 14&amp#27;[39m
&amp#27;[35m[HTTP]&amp#27;[39m &amp#27;[90m&amp#27;[39m
&amp#27;[35m[HTTP]&amp#27;[39m &amp#27;[37m-->&amp#27;[39m &amp#27;[37mGET&amp#27;[39m &amp#27;[37m/wd/hub/session/8326c88c-36a6-441c-b1c1-2f3b8db2778a/context&amp#27;[39m
&amp#27;[35m[HTTP]&amp#27;[39m &amp#27;[90m{}&amp#27;[39m
[debug] &amp#27;[35m[W3C (8326c88c)]&amp#27;[39m Calling AppiumDriver.getCurrentContext() with args: ["8326c88c-36a6-441c-b1c1-2f3b8db2778a"]
[debug] &amp#27;[35m[W3C (8326c88c)]&amp#27;[39m Responding to client with driver.getCurrentContext() result: "NATIVE_APP"
&amp#27;[35m[HTTP]&amp#27;[39m &amp#27;[37m<-- GET /wd/hub/session/8326c88c-36a6-441c-b1c1-2f3b8db2778a/context &amp#27;[39m&amp#27;[32m200&amp#27;[39m &amp#27;[90m3 ms - 22&amp#27;[39m
&amp#27;[35m[HTTP]&amp#27;[39m &amp#27;[90m&amp#27;[39m
&amp#27;[35m[HTTP]&amp#27;[39m &amp#27;[37m-->&amp#27;[39m &amp#27;[37mPOST&amp#27;[39m &amp#27;[37m/wd/hub/session/8326c88c-36a6-441c-b1c1-2f3b8db2778a/element&amp#27;[39m
&amp#27;[35m[HTTP]&amp#27;[39m &amp#27;[90m{"using":"id","value":"android:id/checkbox"}&amp#27;[39m
[debug] &amp#27;[35m[W3C (8326c88c)]&amp#27;[39m Calling AppiumDriver.findElement() with args: ["id","android:id/checkbox","8326c88c-36a6-441c-b1c1-2f3b8db2778a"]
[debug] &amp#27;[35m[BaseDriver]&amp#27;[39m Valid locator strategies for this request: xpath, id, class name, accessibility id, css selector, -android uiautomator
[debug] &amp#27;[35m[BaseDriver]&amp#27;[39m Waiting up to 10000 ms for condition
[debug] &amp#27;[35m[WD Proxy]&amp#27;[39m Matched '/element' to command name 'findElement'
[debug] &amp#27;[35m[WD Proxy]&amp#27;[39m Proxying [POST /element] to [POST http://127.0.0.1:8224/wd/hub/session/9f3f069e-ca69-4434-9d9b-6de1d970b14f/element] with body: {"strategy":"id","selector":"android:id/checkbox","context":"","multiple":false}
&amp#27;[35m[WD Proxy]&amp#27;[39m Got response with status 404: {"sessionId":"9f3f069e-ca69-4434-9d9b-6de1d970b14f","value":{"error":"no such element","message":"An element could not be located on the page using the given search parameters","stacktrace":"io.appium.uiautomator2.common.exceptions.ElementNotFoundException: An element could not be located on the page using the given search parameters\n\tat io.appium.uiautomator2.handler.FindElement.safeHandle(FindElement.java:70)\n\tat io.appium.uiautomator2.handler.request.SafeRequestHandler.handle(SafeRequestHandler.java:41)\n\tat io.appium.uiautomator2.server.AppiumServlet.handleRequest(AppiumServlet.java:261)\n\tat io.appium.uiautomator2.server.AppiumServlet.handleHttpRequest(AppiumServlet.java:255)\n\tat io.appium.uiautomator2.http.ServerHandler.channelRead(ServerHandler.java:68)\n\tat io.netty.channel.AbstractChannelHandlerContext.invokeChannelRead(AbstractChannelHandlerContext.java:366)\n\tat io.netty.channel.AbstractChannelHandlerContext.invokeChannelRead(AbstractChannelHandlerContext.java:352)\n\tat io.netty.chann...
[debug] &amp#27;[35m[W3C]&amp#27;[39m Matched W3C error code 'no such element' to NoSuchElementError
[debug] &amp#27;[35m[BaseDriver]&amp#27;[39m Waited for 1140 ms so far
[debug] &amp#27;[35m[WD Proxy]&amp#27;[39m Matched '/element' to command name 'findElement'
[debug] &amp#27;[35m[WD Proxy]&amp#27;[39m Proxying [POST /element] to [POST http://127.0.0.1:8224/wd/hub/session/9f3f069e-ca69-4434-9d9b-6de1d970b14f/element] with body: {"strategy":"id","selector":"android:id/checkbox","context":"","multiple":false}
[debug] &amp#27;[35m[WD Proxy]&amp#27;[39m Got response with status 200: {"sessionId":"9f3f069e-ca69-4434-9d9b-6de1d970b14f","value":{"ELEMENT":"d1ac2684-244a-4601-9c2b-1725a07e3949","element-6066-11e4-a52e-4f735466cecf":"d1ac2684-244a-4601-9c2b-1725a07e3949"}}
[debug] &amp#27;[35m[W3C (8326c88c)]&amp#27;[39m Responding to client with driver.findElement() result: {"element-6066-11e4-a52e-4f735466cecf":"d1ac2684-244a-4601-9c2b-1725a07e3949","ELEMENT":"d1ac2684-244a-4601-9c2b-1725a07e3949"}
&amp#27;[35m[HTTP]&amp#27;[39m &amp#27;[37m<-- POST /wd/hub/session/8326c88c-36a6-441c-b1c1-2f3b8db2778a/element &amp#27;[39m&amp#27;[32m200&amp#27;[39m &amp#27;[90m2098 ms - 137&amp#27;[39m
&amp#27;[35m[HTTP]&amp#27;[39m &amp#27;[90m&amp#27;[39m
&amp#27;[35m[HTTP]&amp#27;[39m &amp#27;[37m-->&amp#27;[39m &amp#27;[37mPOST&amp#27;[39m &amp#27;[37m/wd/hub/session/8326c88c-36a6-441c-b1c1-2f3b8db2778a/element/d1ac2684-244a-4601-9c2b-1725a07e3949/click&amp#27;[39m
&amp#27;[35m[HTTP]&amp#27;[39m &amp#27;[90m{"id":"d1ac2684-244a-4601-9c2b-1725a07e3949"}&amp#27;[39m
[debug] &amp#27;[35m[W3C (8326c88c)]&amp#27;[39m Calling AppiumDriver.click() with args: ["d1ac2684-244a-4601-9c2b-1725a07e3949","8326c88c-36a6-441c-b1c1-2f3b8db2778a"]
[debug] &amp#27;[35m[WD Proxy]&amp#27;[39m Matched '/element/d1ac2684-244a-4601-9c2b-1725a07e3949/click' to command name 'click'
[debug] &amp#27;[35m[WD Proxy]&amp#27;[39m Proxying [POST /element/d1ac2684-244a-4601-9c2b-1725a07e3949/click] to [POST http://127.0.0.1:8224/wd/hub/session/9f3f069e-ca69-4434-9d9b-6de1d970b14f/element/d1ac2684-244a-4601-9c2b-1725a07e3949/click] with body: {"element":"d1ac2684-244a-4601-9c2b-1725a07e3949"}
[debug] &amp#27;[35m[WD Proxy]&amp#27;[39m Got response with status 200: {"sessionId":"9f3f069e-ca69-4434-9d9b-6de1d970b14f","value":null}
[debug] &amp#27;[35m[W3C (8326c88c)]&amp#27;[39m Responding to client with driver.click() result: null
&amp#27;[35m[HTTP]&amp#27;[39m &amp#27;[37m<-- POST /wd/hub/session/8326c88c-36a6-441c-b1c1-2f3b8db2778a/element/d1ac2684-244a-4601-9c2b-1725a07e3949/click &amp#27;[39m&amp#27;[32m200&amp#27;[39m &amp#27;[90m807 ms - 14&amp#27;[39m
&amp#27;[35m[HTTP]&amp#27;[39m &amp#27;[90m&amp#27;[39m
&amp#27;[35m[HTTP]&amp#27;[39m &amp#27;[37m-->&amp#27;[39m &amp#27;[37mGET&amp#27;[39m &amp#27;[37m/wd/hub/session/8326c88c-36a6-441c-b1c1-2f3b8db2778a/context&amp#27;[39m
&amp#27;[35m[HTTP]&amp#27;[39m &amp#27;[90m{}&amp#27;[39m
[debug] &amp#27;[35m[W3C (8326c88c)]&amp#27;[39m Calling AppiumDriver.getCurrentContext() with args: ["8326c88c-36a6-441c-b1c1-2f3b8db2778a"]
[debug] &amp#27;[35m[W3C (8326c88c)]&amp#27;[39m Responding to client with driver.getCurrentContext() result: "NATIVE_APP"
&amp#27;[35m[HTTP]&amp#27;[39m &amp#27;[37m<-- GET /wd/hub/session/8326c88c-36a6-441c-b1c1-2f3b8db2778a/context &amp#27;[39m&amp#27;[32m200&amp#27;[39m &amp#27;[90m3 ms - 22&amp#27;[39m
&amp#27;[35m[HTTP]&amp#27;[39m &amp#27;[90m&amp#27;[39m
&amp#27;[35m[HTTP]&amp#27;[39m &amp#27;[37m-->&amp#27;[39m &amp#27;[37mPOST&amp#27;[39m &amp#27;[37m/wd/hub/session/8326c88c-36a6-441c-b1c1-2f3b8db2778a/element&amp#27;[39m
&amp#27;[35m[HTTP]&amp#27;[39m &amp#27;[90m{"using":"xpath","value":"(//android.widget.RelativeLayout)[2]"}&amp#27;[39m
[debug] &amp#27;[35m[W3C (8326c88c)]&amp#27;[39m Calling AppiumDriver.findElement() with args: ["xpath","(//android.widget.RelativeLayout)[2]","8326c88c-36a6-441c-b1c1-2f3b8db2778a"]
[debug] &amp#27;[35m[BaseDriver]&amp#27;[39m Valid locator strategies for this request: xpath, id, class name, accessibility id, css selector, -android uiautomator
[debug] &amp#27;[35m[BaseDriver]&amp#27;[39m Waiting up to 10000 ms for condition
[debug] &amp#27;[35m[WD Proxy]&amp#27;[39m Matched '/element' to command name 'findElement'
[debug] &amp#27;[35m[WD Proxy]&amp#27;[39m Proxying [POST /element] to [POST http://127.0.0.1:8224/wd/hub/session/9f3f069e-ca69-4434-9d9b-6de1d970b14f/element] with body: {"strategy":"xpath","selector":"(//android.widget.RelativeLayout)[2]","context":"","multiple":false}
[debug] &amp#27;[35m[WD Proxy]&amp#27;[39m Got response with status 200: {"sessionId":"9f3f069e-ca69-4434-9d9b-6de1d970b14f","value":{"ELEMENT":"21966a06-0a33-4418-8035-b8f8f618983a","element-6066-11e4-a52e-4f735466cecf":"21966a06-0a33-4418-8035-b8f8f618983a"}}
[debug] &amp#27;[35m[W3C (8326c88c)]&amp#27;[39m Responding to client with driver.findElement() result: {"element-6066-11e4-a52e-4f735466cecf":"21966a06-0a33-4418-8035-b8f8f618983a","ELEMENT":"21966a06-0a33-4418-8035-b8f8f618983a"}
&amp#27;[35m[HTTP]&amp#27;[39m &amp#27;[37m<-- POST /wd/hub/session/8326c88c-36a6-441c-b1c1-2f3b8db2778a/element &amp#27;[39m&amp#27;[32m200&amp#27;[39m &amp#27;[90m79 ms - 137&amp#27;[39m
&amp#27;[35m[HTTP]&amp#27;[39m &amp#27;[90m&amp#27;[39m
&amp#27;[35m[HTTP]&amp#27;[39m &amp#27;[37m-->&amp#27;[39m &amp#27;[37mPOST&amp#27;[39m &amp#27;[37m/wd/hub/session/8326c88c-36a6-441c-b1c1-2f3b8db2778a/element/21966a06-0a33-4418-8035-b8f8f618983a/click&amp#27;[39m
&amp#27;[35m[HTTP]&amp#27;[39m &amp#27;[90m{"id":"21966a06-0a33-4418-8035-b8f8f618983a"}&amp#27;[39m
[debug] &amp#27;[35m[W3C (8326c88c)]&amp#27;[39m Calling AppiumDriver.click() with args: ["21966a06-0a33-4418-8035-b8f8f618983a","8326c88c-36a6-441c-b1c1-2f3b8db2778a"]
[debug] &amp#27;[35m[WD Proxy]&amp#27;[39m Matched '/element/21966a06-0a33-4418-8035-b8f8f618983a/click' to command name 'click'
[debug] &amp#27;[35m[WD Proxy]&amp#27;[39m Proxying [POST /element/21966a06-0a33-4418-8035-b8f8f618983a/click] to [POST http://127.0.0.1:8224/wd/hub/session/9f3f069e-ca69-4434-9d9b-6de1d970b14f/element/21966a06-0a33-4418-8035-b8f8f618983a/click] with body: {"element":"21966a06-0a33-4418-8035-b8f8f618983a"}
[debug] &amp#27;[35m[WD Proxy]&amp#27;[39m Got response with status 200: {"sessionId":"9f3f069e-ca69-4434-9d9b-6de1d970b14f","value":null}
[debug] &amp#27;[35m[W3C (8326c88c)]&amp#27;[39m Responding to client with driver.click() result: null
&amp#27;[35m[HTTP]&amp#27;[39m &amp#27;[37m<-- POST /wd/hub/session/8326c88c-36a6-441c-b1c1-2f3b8db2778a/element/21966a06-0a33-4418-8035-b8f8f618983a/click &amp#27;[39m&amp#27;[32m200&amp#27;[39m &amp#27;[90m1084 ms - 14&amp#27;[39m
&amp#27;[35m[HTTP]&amp#27;[39m &amp#27;[90m&amp#27;[39m
&amp#27;[35m[HTTP]&amp#27;[39m &amp#27;[37m-->&amp#27;[39m &amp#27;[37mGET&amp#27;[39m &amp#27;[37m/wd/hub/session/8326c88c-36a6-441c-b1c1-2f3b8db2778a/context&amp#27;[39m
&amp#27;[35m[HTTP]&amp#27;[39m &amp#27;[90m{}&amp#27;[39m
[debug] &amp#27;[35m[W3C (8326c88c)]&amp#27;[39m Calling AppiumDriver.getCurrentContext() with args: ["8326c88c-36a6-441c-b1c1-2f3b8db2778a"]
[debug] &amp#27;[35m[W3C (8326c88c)]&amp#27;[39m Responding to client with driver.getCurrentContext() result: "NATIVE_APP"
&amp#27;[35m[HTTP]&amp#27;[39m &amp#27;[37m<-- GET /wd/hub/session/8326c88c-36a6-441c-b1c1-2f3b8db2778a/context &amp#27;[39m&amp#27;[32m200&amp#27;[39m &amp#27;[90m2 ms - 22&amp#27;[39m
&amp#27;[35m[HTTP]&amp#27;[39m &amp#27;[90m&amp#27;[39m
&amp#27;[35m[HTTP]&amp#27;[39m &amp#27;[37m-->&amp#27;[39m &amp#27;[37mPOST&amp#27;[39m &amp#27;[37m/wd/hub/session/8326c88c-36a6-441c-b1c1-2f3b8db2778a/element&amp#27;[39m
&amp#27;[35m[HTTP]&amp#27;[39m &amp#27;[90m{"using":"class name","value":"android.widget.EditText"}&amp#27;[39m
[debug] &amp#27;[35m[W3C (8326c88c)]&amp#27;[39m Calling AppiumDriver.findElement() with args: ["class name","android.widget.EditText","8326c88c-36a6-441c-b1c1-2f3b8db2778a"]
[debug] &amp#27;[35m[BaseDriver]&amp#27;[39m Valid locator strategies for this request: xpath, id, class name, accessibility id, css selector, -android uiautomator
[debug] &amp#27;[35m[BaseDriver]&amp#27;[39m Waiting up to 10000 ms for condition
[debug] &amp#27;[35m[WD Proxy]&amp#27;[39m Matched '/element' to command name 'findElement'
[debug] &amp#27;[35m[WD Proxy]&amp#27;[39m Proxying [POST /element] to [POST http://127.0.0.1:8224/wd/hub/session/9f3f069e-ca69-4434-9d9b-6de1d970b14f/element] with body: {"strategy":"class name","selector":"android.widget.EditText","context":"","multiple":false}
[debug] &amp#27;[35m[WD Proxy]&amp#27;[39m Got response with status 200: {"sessionId":"9f3f069e-ca69-4434-9d9b-6de1d970b14f","value":{"ELEMENT":"0a1711f9-4af9-4157-82d5-a809a632c462","element-6066-11e4-a52e-4f735466cecf":"0a1711f9-4af9-4157-82d5-a809a632c462"}}
[debug] &amp#27;[35m[W3C (8326c88c)]&amp#27;[39m Responding to client with driver.findElement() result: {"element-6066-11e4-a52e-4f735466cecf":"0a1711f9-4af9-4157-82d5-a809a632c462","ELEMENT":"0a1711f9-4af9-4157-82d5-a809a632c462"}
&amp#27;[35m[HTTP]&amp#27;[39m &amp#27;[37m<-- POST /wd/hub/session/8326c88c-36a6-441c-b1c1-2f3b8db2778a/element &amp#27;[39m&amp#27;[32m200&amp#27;[39m &amp#27;[90m271 ms - 137&amp#27;[39m
&amp#27;[35m[HTTP]&amp#27;[39m &amp#27;[90m&amp#27;[39m
&amp#27;[35m[HTTP]&amp#27;[39m &amp#27;[37m-->&amp#27;[39m &amp#27;[37mPOST&amp#27;[39m &amp#27;[37m/wd/hub/session/8326c88c-36a6-441c-b1c1-2f3b8db2778a/element/0a1711f9-4af9-4157-82d5-a809a632c462/value&amp#27;[39m
&amp#27;[35m[HTTP]&amp#27;[39m &amp#27;[90m{"id":"0a1711f9-4af9-4157-82d5-a809a632c462","text":"Hello Shera","value":["H","e","l","l","o"," ","S","h","e","r","a"]}&amp#27;[39m
[debug] &amp#27;[35m[W3C (8326c88c)]&amp#27;[39m Calling AppiumDriver.setValue() with args: [["H","e","l","l","o"," ","S","h","e","r","a"],"0a1711f9-4af9-4157-82d5-a809a632c462","8326c88c-36a6-441c-b1c1-2f3b8db2778a"]
[debug] &amp#27;[35m[WD Proxy]&amp#27;[39m Matched '/element/0a1711f9-4af9-4157-82d5-a809a632c462/value' to command name 'setValue'
[debug] &amp#27;[35m[Protocol Converter]&amp#27;[39m Added 'value' property ["H","e","l","l","o"," ","S","h","e","r","a"] to 'setValue' request body
[debug] &amp#27;[35m[WD Proxy]&amp#27;[39m Proxying [POST /element/0a1711f9-4af9-4157-82d5-a809a632c462/value] to [POST http://127.0.0.1:8224/wd/hub/session/9f3f069e-ca69-4434-9d9b-6de1d970b14f/element/0a1711f9-4af9-4157-82d5-a809a632c462/value] with body: {"elementId":"0a1711f9-4af9-4157-82d5-a809a632c462","text":"Hello Shera","replace":false,"value":["H","e","l","l","o"," ","S","h","e","r","a"]}
[debug] &amp#27;[35m[WD Proxy]&amp#27;[39m Got response with status 200: {"sessionId":"9f3f069e-ca69-4434-9d9b-6de1d970b14f","value":null}
[debug] &amp#27;[35m[W3C (8326c88c)]&amp#27;[39m Responding to client with driver.setValue() result: null
&amp#27;[35m[HTTP]&amp#27;[39m &amp#27;[37m<-- POST /wd/hub/session/8326c88c-36a6-441c-b1c1-2f3b8db2778a/element/0a1711f9-4af9-4157-82d5-a809a632c462/value &amp#27;[39m&amp#27;[32m200&amp#27;[39m &amp#27;[90m768 ms - 14&amp#27;[39m
&amp#27;[35m[HTTP]&amp#27;[39m &amp#27;[90m&amp#27;[39m
&amp#27;[35m[HTTP]&amp#27;[39m &amp#27;[37m-->&amp#27;[39m &amp#27;[37mGET&amp#27;[39m &amp#27;[37m/wd/hub/session/8326c88c-36a6-441c-b1c1-2f3b8db2778a/context&amp#27;[39m
&amp#27;[35m[HTTP]&amp#27;[39m &amp#27;[90m{}&amp#27;[39m
[debug] &amp#27;[35m[W3C (8326c88c)]&amp#27;[39m Calling AppiumDriver.getCurrentContext() with args: ["8326c88c-36a6-441c-b1c1-2f3b8db2778a"]
[debug] &amp#27;[35m[W3C (8326c88c)]&amp#27;[39m Responding to client with driver.getCurrentContext() result: "NATIVE_APP"
&amp#27;[35m[HTTP]&amp#27;[39m &amp#27;[37m<-- GET /wd/hub/session/8326c88c-36a6-441c-b1c1-2f3b8db2778a/context &amp#27;[39m&amp#27;[32m200&amp#27;[39m &amp#27;[90m3 ms - 22&amp#27;[39m
&amp#27;[35m[HTTP]&amp#27;[39m &amp#27;[90m&amp#27;[39m
&amp#27;[35m[HTTP]&amp#27;[39m &amp#27;[37m-->&amp#27;[39m &amp#27;[37mPOST&amp#27;[39m &amp#27;[37m/wd/hub/session/8326c88c-36a6-441c-b1c1-2f3b8db2778a/elements&amp#27;[39m
&amp#27;[35m[HTTP]&amp#27;[39m &amp#27;[90m{"using":"class name","value":"android.widget.Button"}&amp#27;[39m
[debug] &amp#27;[35m[W3C (8326c88c)]&amp#27;[39m Calling AppiumDriver.findElements() with args: ["class name","android.widget.Button","8326c88c-36a6-441c-b1c1-2f3b8db2778a"]
[debug] &amp#27;[35m[BaseDriver]&amp#27;[39m Valid locator strategies for this request: xpath, id, class name, accessibility id, css selector, -android uiautomator
[debug] &amp#27;[35m[BaseDriver]&amp#27;[39m Waiting up to 10000 ms for condition
[debug] &amp#27;[35m[WD Proxy]&amp#27;[39m Matched '/elements' to command name 'findElements'
[debug] &amp#27;[35m[WD Proxy]&amp#27;[39m Proxying [POST /elements] to [POST http://127.0.0.1:8224/wd/hub/session/9f3f069e-ca69-4434-9d9b-6de1d970b14f/elements] with body: {"strategy":"class name","selector":"android.widget.Button","context":"","multiple":true}
[debug] &amp#27;[35m[WD Proxy]&amp#27;[39m Got response with status 200: {"sessionId":"9f3f069e-ca69-4434-9d9b-6de1d970b14f","value":[{"ELEMENT":"b5c62188-2dfe-418e-8ee9-ed43ec0beae8","element-6066-11e4-a52e-4f735466cecf":"b5c62188-2dfe-418e-8ee9-ed43ec0beae8"},{"ELEMENT":"cf7b48b8-4a10-4640-ad75-b24b9b6bf101","element-6066-11e4-a52e-4f735466cecf":"cf7b48b8-4a10-4640-ad75-b24b9b6bf101"}]}
[debug] &amp#27;[35m[W3C (8326c88c)]&amp#27;[39m Responding to client with driver.findElements() result: [{"element-6066-11e4-a52e-4f735466cecf":"b5c62188-2dfe-418e-8ee9-ed43ec0beae8","ELEMENT":"b5c62188-2dfe-418e-8ee9-ed43ec0beae8"},{"element-6066-11e4-a52e-4f735466cecf":"cf7b48b8-4a10-4640-ad75-b24b9b6bf101","ELEMENT":"cf7b48b8-4a10-4640-ad75-b24b9b6bf101"}]
&amp#27;[35m[HTTP]&amp#27;[39m &amp#27;[37m<-- POST /wd/hub/session/8326c88c-36a6-441c-b1c1-2f3b8db2778a/elements &amp#27;[39m&amp#27;[32m200&amp#27;[39m &amp#27;[90m460 ms - 267&amp#27;[39m
&amp#27;[35m[HTTP]&amp#27;[39m &amp#27;[90m&amp#27;[39m
&amp#27;[35m[HTTP]&amp#27;[39m &amp#27;[37m-->&amp#27;[39m &amp#27;[37mPOST&amp#27;[39m &amp#27;[37m/wd/hub/session/8326c88c-36a6-441c-b1c1-2f3b8db2778a/element/cf7b48b8-4a10-4640-ad75-b24b9b6bf101/click&amp#27;[39m
&amp#27;[35m[HTTP]&amp#27;[39m &amp#27;[90m{"id":"cf7b48b8-4a10-4640-ad75-b24b9b6bf101"}&amp#27;[39m
[debug] &amp#27;[35m[W3C (8326c88c)]&amp#27;[39m Calling AppiumDriver.click() with args: ["cf7b48b8-4a10-4640-ad75-b24b9b6bf101","8326c88c-36a6-441c-b1c1-2f3b8db2778a"]
[debug] &amp#27;[35m[WD Proxy]&amp#27;[39m Matched '/element/cf7b48b8-4a10-4640-ad75-b24b9b6bf101/click' to command name 'click'
[debug] &amp#27;[35m[WD Proxy]&amp#27;[39m Proxying [POST /element/cf7b48b8-4a10-4640-ad75-b24b9b6bf101/click] to [POST http://127.0.0.1:8224/wd/hub/session/9f3f069e-ca69-4434-9d9b-6de1d970b14f/element/cf7b48b8-4a10-4640-ad75-b24b9b6bf101/click] with body: {"element":"cf7b48b8-4a10-4640-ad75-b24b9b6bf101"}
[debug] &amp#27;[35m[WD Proxy]&amp#27;[39m Got response with status 200: {"sessionId":"9f3f069e-ca69-4434-9d9b-6de1d970b14f","value":null}
[debug] &amp#27;[35m[W3C (8326c88c)]&amp#27;[39m Responding to client with driver.click() result: null
&amp#27;[35m[HTTP]&amp#27;[39m &amp#27;[37m<-- POST /wd/hub/session/8326c88c-36a6-441c-b1c1-2f3b8db2778a/element/cf7b48b8-4a10-4640-ad75-b24b9b6bf101/click &amp#27;[39m&amp#27;[32m200&amp#27;[39m &amp#27;[90m193 ms - 14&amp#27;[39m
&amp#27;[35m[HTTP]&amp#27;[39m &amp#27;[90m&amp#27;[39m
Test case name: Sprint_ApiDemos_PreferenceValidation
onTestFailure()
&amp#27;[35m[HTTP]&amp#27;[39m &amp#27;[37m-->&amp#27;[39m &amp#27;[37mGET&amp#27;[39m &amp#27;[37m/wd/hub/session/8326c88c-36a6-441c-b1c1-2f3b8db2778a/screenshot&amp#27;[39m
&amp#27;[35m[HTTP]&amp#27;[39m &amp#27;[90m{}&amp#27;[39m
[debug] &amp#27;[35m[W3C (8326c88c)]&amp#27;[39m Calling AppiumDriver.getScreenshot() with args: ["8326c88c-36a6-441c-b1c1-2f3b8db2778a"]
[debug] &amp#27;[35m[WD Proxy]&amp#27;[39m Matched '/screenshot' to command name 'getScreenshot'
[debug] &amp#27;[35m[WD Proxy]&amp#27;[39m Proxying [GET /screenshot] to [GET http://127.0.0.1:8224/wd/hub/session/9f3f069e-ca69-4434-9d9b-6de1d970b14f/screenshot] with no body
[debug] &amp#27;[35m[WD Proxy]&amp#27;[39m Got response with status 200: {"sessionId":"9f3f069e-ca69-4434-9d9b-6de1d970b14f","value":"iVBORw0KGgoAAAANSUhEUgAABDgAAAjoCAYAAAA5jhrUAAAABHNCSVQICAgIfAhkiAAAIABJREFU\neJzsvXm4X1V1/79uJghNwhRFBsFWRBE0Kg4QEKQIWIYwSLWKQGmLolaNioj9OoB9qq2lCmiBlqog\nioADtBAFFKWaSonKZACRocggYBgEAiHj5/eHv8/tuefuYa2119rnfOj79Tw85J6z99rr7GFNn2mM\niAakZGxsjIiIBgO+iLGxMVF7DakxJOM328b6aZ4nJ4szr7lxm7Ka/+fKC7XXtNGQe37LPRSaH80e\nSc2Nlb4cOdz17oJS3Tj7r0QvTpuSMSV2yXr9cvK1dtGjfZ+wsnFte0BESfsQat/s0xUSXaz2dMpf\nhvSw8P81fVBKpsVe8+jvEWPl7mljGcn4fbRVtXSSnI3ac1QStw/p27pysTprJeP0gVL76BW7jQqe\ne6VP89PUZSoRnSjtnLoWup/rz+lnQbuA4DlO8/+567XhjC/RUbL+UrqYM+lYMYdqJd+qr4ccDzS6\n5exSqo0k4bHG+uxYPrO3HhZtvfDSIResjjK5OSsJLj3os0+xlOsxNsfeeo3Nkduns+QZH1niHZtr\nfEDousRfSPXSyuoyr0nhdfZrxbBebaVY7zkLHTzkWudbteepnYtNKHAMN25sA3dZpbF2nqXyOA5W\nkvRq6UMyUErKOUiqs9p2tRJLrVyN8yztwwksStCsl3afSMYqXUdpEBd6RSLVvpTSBNvb8Vn4GMne\n76sj7yIwqD2eR7LCGbd0vFq+Rpt4lehnPUasfQ0dtYxK3MShNPEutcfNcy59158VXsWHZjLI9aka\n3+QRn+auW45T26Z7yNesr1f8xrnWvsfRZficnnl+7b2QfQcH52Bwk59nkuPoEq+qbFu2Nhku1SF3\n3coxafp4OhuPNiV4OkXLNeTO...
[debug] &amp#27;[35m[W3C (8326c88c)]&amp#27;[39m Responding to client with driver.getScreenshot() result: "iVBORw0KGgoAAAANSUhEUgAABDgAAAjoCAYAAAA5jhrUAAAABHNCSVQICAgIfAhkiAAAIABJREFU\neJzsvXm4X1V1/79uJghNwhRFBsFWRBE0Kg4QEKQIWIYwSLWKQGmLolaNioj9OoB9qq2lCmiBlqog\nioADtBAFFKWaSonKZACRocggYBgEAiHj5/eHv8/tuefuYa2119rnfOj79Tw85J6z99rr7GFNn2mM\niAakZGxsjIiIBgO+iLGxMVF7DakxJOM328b6aZ4nJ4szr7lxm7Ka/+fKC7XXtNGQe37LPRSaH80e\nSc2Nlb4cOdz17oJS3Tj7r0QvTpuSMSV2yXr9cvK1dtGjfZ+wsnFte0BESfsQat/s0xUSXaz2dMpf\nhvSw8P81fVBKpsVe8+jvEWPl7mljGcn4fbRVtXSSnI3ac1QStw/p27pysTprJeP0gVL76BW7jQqe\ne6VP89PUZSoRnSjtnLoWup/rz+lnQbuA4DlO8/+567XhjC/RUbL+UrqYM+lYMYdqJd+qr4ccDzS6\n5exSqo0k4bHG+uxYPrO3HhZtvfDSIResjjK5OSsJLj3os0+xlOsxNsfeeo3Nkduns+QZH1niHZtr\nfEDousRfSPXSyuoyr0nhdfZrxbBebaVY7zkLHTzkWudbteepnYtNKHAMN25sA3dZpbF2nqXyOA5W\nkvRq6UMyUErKOUiqs9p2tRJLrVyN8yztwwksStCsl3afSMYqXUdpEBd6RSLVvpTSBNvb8Vn4GMne\n76sj7yIwqD2eR7LCGbd0vFq+Rpt4lehnPUasfQ0dtYxK3MShNPEutcfNcy59158VXsWHZjLI9aka\n3+QRn+auW45T26Z7yNesr1f8xrnWvsfRZficnnl+7b2QfQcH52Bwk59nkuPoEq+qbFu2Nhku1SF3\n3coxafp4OhuPNiV4OkXLNeTOlaQoaUHJ/FkU92JzpNWrRpDK0cFapgbpHFokdNrgRjteKan9Z1GQ\nlOrQN3...
&amp#27;[35m[HTTP]&amp#27;[39m &amp#27;[37m<-- GET /wd/hub/session/8326c88c-36a6-441c-b1c1-2f3b8db2778a/screenshot &amp#27;[39m&amp#27;[32m200&amp#27;[39m &amp#27;[90m1318 ms - 97468&amp#27;[39m
&amp#27;[35m[HTTP]&amp#27;[39m &amp#27;[90m&amp#27;[39m
]]></system-out>
    <system-err><![CDATA[Jan 27, 2021 1:37:27 AM io.appium.java_client.remote.AppiumCommandExecutor$1 lambda$0
INFO: Detected dialect: W3C
]]></system-err>
  </testcase>
</testsuite>