<?xml version="1.0" encoding="UTF-8"?>
<testng-results skipped="0" failed="0" ignored="0" total="2" passed="2">
  <reporter-output>
  </reporter-output>
  <suite name="Suite" duration-ms="87376" started-at="2021-01-26T20:19:13 IST" finished-at="2021-01-26T20:20:41 IST">
    <groups>
    </groups>
    <test name="Test" duration-ms="87376" started-at="2021-01-26T20:19:13 IST" finished-at="2021-01-26T20:20:41 IST">
      <class name="com.learning.AppiumFramework.testcases.API_Demos.TC_Preference">
        <test-method status="PASS" signature="startAppiumServer()[pri:0, instance:com.learning.AppiumFramework.testcases.API_Demos.TC_Preference@491cc5c9]" name="startAppiumServer" is-config="true" duration-ms="4841" started-at="2021-01-26T20:19:14 IST" finished-at="2021-01-26T20:19:18 IST">
          <reporter-output>
          </reporter-output>
        </test-method> <!-- startAppiumServer -->
        <test-method status="PASS" signature="TC_ApiDemos_PreferenceValidation()[pri:0, instance:com.learning.AppiumFramework.testcases.API_Demos.TC_Preference@491cc5c9]" name="TC_ApiDemos_PreferenceValidation" duration-ms="30688" started-at="2021-01-26T20:19:18 IST" finished-at="2021-01-26T20:19:49 IST">
          <reporter-output>
          </reporter-output>
        </test-method> <!-- TC_ApiDemos_PreferenceValidation -->
        <test-method status="PASS" signature="stopServer()[pri:0, instance:com.learning.AppiumFramework.testcases.API_Demos.TC_Preference@491cc5c9]" name="stopServer" is-config="true" duration-ms="65" started-at="2021-01-26T20:19:49 IST" finished-at="2021-01-26T20:19:49 IST">
          <reporter-output>
          </reporter-output>
        </test-method> <!-- stopServer -->
      </class> <!-- com.learning.AppiumFramework.testcases.API_Demos.TC_Preference -->
      <class name="com.learning.AppiumFramework.testcases.GenApp.TC_MobGestures">
        <test-method status="PASS" signature="startAppiumServer()[pri:0, instance:com.learning.AppiumFramework.testcases.GenApp.TC_MobGestures@74ad1f1f]" name="startAppiumServer" is-config="true" duration-ms="5629" started-at="2021-01-26T20:19:49 IST" finished-at="2021-01-26T20:19:55 IST">
          <reporter-output>
          </reporter-output>
        </test-method> <!-- startAppiumServer -->
        <test-method status="PASS" signature="TC_AmountValidation()[pri:0, instance:com.learning.AppiumFramework.testcases.GenApp.TC_MobGestures@74ad1f1f]" name="TC_AmountValidation" duration-ms="45896" started-at="2021-01-26T20:19:55 IST" finished-at="2021-01-26T20:20:41 IST">
          <reporter-output>
          </reporter-output>
        </test-method> <!-- TC_AmountValidation -->
        <test-method status="PASS" signature="stopServer()[pri:0, instance:com.learning.AppiumFramework.testcases.GenApp.TC_MobGestures@74ad1f1f]" name="stopServer" is-config="true" duration-ms="60" started-at="2021-01-26T20:20:41 IST" finished-at="2021-01-26T20:20:41 IST">
          <reporter-output>
          </reporter-output>
        </test-method> <!-- stopServer -->
      </class> <!-- com.learning.AppiumFramework.testcases.GenApp.TC_MobGestures -->
    </test> <!-- Test -->
  </suite> <!-- Suite -->
</testng-results>
